# JRE version: OpenJDK Runtime Environment (8.0_242-b01) (build 1.8.0_242-release-1644-b01)
# Java VM: OpenJDK 64-Bit Server VM (25.242-b01 mixed mode windows-amd64 compressed oops)
Heap:
 PSYoungGen      total 146944K, used 61338K [0x00000000e0000000, 0x00000000eb080000, 0x0000000100000000)
  eden space 131584K, 46% used [0x00000000e0000000,0x00000000e3be6b60,0x00000000e8080000)
  from space 15360K, 0% used [0x00000000e9000000,0x00000000e9000000,0x00000000e9f00000)
  to   space 15872K, 0% used [0x00000000e8080000,0x00000000e8080000,0x00000000e9000000)
 ParOldGen       total 83456K, used 29713K [0x00000000a0000000, 0x00000000a5180000, 0x00000000e0000000)
  object space 83456K, 35% used [0x00000000a0000000,0x00000000a1d04570,0x00000000a5180000)
 Metaspace       used 59929K, capacity 62492K, committed 62632K, reserved 1103872K
  class space    used 8220K, capacity 8775K, committed 8880K, reserved 1048576K
GC Heap History (10 events):
Event: 17.153 GC heap before
{Heap before GC invocations=13 (full 2):
 PSYoungGen      total 91136K, used 79872K [0x00000000e0000000, 0x00000000e6400000, 0x0000000100000000)
  eden space 79872K, 100% used [0x00000000e0000000,0x00000000e4e00000,0x00000000e4e00000)
  from space 11264K, 0% used [0x00000000e5880000,0x00000000e5880000,0x00000000e6380000)
  to   space 10752K, 0% used [0x00000000e4e00000,0x00000000e4e00000,0x00000000e5880000)
 ParOldGen       total 83456K, used 15006K [0x00000000a0000000, 0x00000000a5180000, 0x00000000e0000000)
  object space 83456K, 17% used [0x00000000a0000000,0x00000000a0ea7a10,0x00000000a5180000)
 Metaspace       used 39543K, capacity 41160K, committed 41256K, reserved 1085440K
  class space    used 5427K, capacity 5848K, committed 5936K, reserved 1048576K
Event: 17.167 GC heap after
Heap after GC invocations=13 (full 2):
 PSYoungGen      total 90624K, used 8511K [0x00000000e0000000, 0x00000000e7b00000, 0x0000000100000000)
  eden space 79872K, 0% used [0x00000000e0000000,0x00000000e0000000,0x00000000e4e00000)
  from space 10752K, 79% used [0x00000000e4e00000,0x00000000e564fdf8,0x00000000e5880000)
  to   space 11264K, 0% used [0x00000000e7000000,0x00000000e7000000,0x00000000e7b00000)
 ParOldGen       total 83456K, used 15014K [0x00000000a0000000, 0x00000000a5180000, 0x00000000e0000000)
  object space 83456K, 17% used [0x00000000a0000000,0x00000000a0ea9a10,0x00000000a5180000)
 Metaspace       used 39543K, capacity 41160K, committed 41256K, reserved 1085440K
  class space    used 5427K, capacity 5848K, committed 5936K, reserved 1048576K
}
Event: 18.595 GC heap before
{Heap before GC invocations=14 (full 2):
 PSYoungGen      total 90624K, used 88379K [0x00000000e0000000, 0x00000000e7b00000, 0x0000000100000000)
  eden space 79872K, 99% used [0x00000000e0000000,0x00000000e4dff178,0x00000000e4e00000)
  from space 10752K, 79% used [0x00000000e4e00000,0x00000000e564fdf8,0x00000000e5880000)
  to   space 11264K, 0% used [0x00000000e7000000,0x00000000e7000000,0x00000000e7b00000)
 ParOldGen       total 83456K, used 15014K [0x00000000a0000000, 0x00000000a5180000, 0x00000000e0000000)
  object space 83456K, 17% used [0x00000000a0000000,0x00000000a0ea9a10,0x00000000a5180000)
 Metaspace       used 46761K, capacity 48498K, committed 48808K, reserved 1091584K
  class space    used 6310K, capacity 6713K, committed 6832K, reserved 1048576K
Event: 18.612 GC heap after
Heap after GC invocations=14 (full 2):
 PSYoungGen      total 113664K, used 10293K [0x00000000e0000000, 0x00000000e7c80000, 0x0000000100000000)
  eden space 102400K, 0% used [0x00000000e0000000,0x00000000e0000000,0x00000000e6400000)
  from space 11264K, 91% used [0x00000000e7000000,0x00000000e7a0d510,0x00000000e7b00000)
  to   space 12288K, 0% used [0x00000000e6400000,0x00000000e6400000,0x00000000e7000000)
 ParOldGen       total 83456K, used 20049K [0x00000000a0000000, 0x00000000a5180000, 0x00000000e0000000)
  object space 83456K, 24% used [0x00000000a0000000,0x00000000a1394518,0x00000000a5180000)
 Metaspace       used 46761K, capacity 48498K, committed 48808K, reserved 1091584K
  class space    used 6310K, capacity 6713K, committed 6832K, reserved 1048576K
}
Event: 21.212 GC heap before
{Heap before GC invocations=15 (full 2):
 PSYoungGen      total 113664K, used 112693K [0x00000000e0000000, 0x00000000e7c80000, 0x0000000100000000)
  eden space 102400K, 100% used [0x00000000e0000000,0x00000000e6400000,0x00000000e6400000)
  from space 11264K, 91% used [0x00000000e7000000,0x00000000e7a0d510,0x00000000e7b00000)
  to   space 12288K, 0% used [0x00000000e6400000,0x00000000e6400000,0x00000000e7000000)
 ParOldGen       total 83456K, used 20049K [0x00000000a0000000, 0x00000000a5180000, 0x00000000e0000000)
  object space 83456K, 24% used [0x00000000a0000000,0x00000000a1394518,0x00000000a5180000)
 Metaspace       used 55495K, capacity 57784K, committed 58024K, reserved 1099776K
  class space    used 7560K, capacity 8093K, committed 8112K, reserved 1048576K
Event: 21.252 GC heap after
Heap after GC invocations=15 (full 2):
 PSYoungGen      total 114688K, used 12269K [0x00000000e0000000, 0x00000000e9f00000, 0x0000000100000000)
  eden space 102400K, 0% used [0x00000000e0000000,0x00000000e0000000,0x00000000e6400000)
  from space 12288K, 99% used [0x00000000e6400000,0x00000000e6ffb4d0,0x00000000e7000000)
  to   space 15360K, 0% used [0x00000000e9000000,0x00000000e9000000,0x00000000e9f00000)
 ParOldGen       total 83456K, used 24326K [0x00000000a0000000, 0x00000000a5180000, 0x00000000e0000000)
  object space 83456K, 29% used [0x00000000a0000000,0x00000000a17c1b68,0x00000000a5180000)
 Metaspace       used 55495K, capacity 57784K, committed 58024K, reserved 1099776K
  class space    used 7560K, capacity 8093K, committed 8112K, reserved 1048576K
}
Event: 21.564 GC heap before
{Heap before GC invocations=16 (full 2):
 PSYoungGen      total 114688K, used 28886K [0x00000000e0000000, 0x00000000e9f00000, 0x0000000100000000)
  eden space 102400K, 16% used [0x00000000e0000000,0x00000000e103a338,0x00000000e6400000)
  from space 12288K, 99% used [0x00000000e6400000,0x00000000e6ffb4d0,0x00000000e7000000)
  to   space 15360K, 0% used [0x00000000e9000000,0x00000000e9000000,0x00000000e9f00000)
 ParOldGen       total 83456K, used 24326K [0x00000000a0000000, 0x00000000a5180000, 0x00000000e0000000)
  object space 83456K, 29% used [0x00000000a0000000,0x00000000a17c1b68,0x00000000a5180000)
 Metaspace       used 56739K, capacity 59064K, committed 59160K, reserved 1099776K
  class space    used 7735K, capacity 8285K, committed 8368K, reserved 1048576K
Event: 21.613 GC heap after
Heap after GC invocations=16 (full 2):
 PSYoungGen      total 146944K, used 1773K [0x00000000e0000000, 0x00000000eb080000, 0x0000000100000000)
  eden space 131584K, 0% used [0x00000000e0000000,0x00000000e0000000,0x00000000e8080000)
  from space 15360K, 11% used [0x00000000e9000000,0x00000000e91bb7e0,0x00000000e9f00000)
  to   space 15872K, 0% used [0x00000000e8080000,0x00000000e8080000,0x00000000e9000000)
 ParOldGen       total 83456K, used 35150K [0x00000000a0000000, 0x00000000a5180000, 0x00000000e0000000)
  object space 83456K, 42% used [0x00000000a0000000,0x00000000a2253988,0x00000000a5180000)
 Metaspace       used 56739K, capacity 59064K, committed 59160K, reserved 1099776K
  class space    used 7735K, capacity 8285K, committed 8368K, reserved 1048576K
}
Event: 21.613 GC heap before
{Heap before GC invocations=17 (full 3):
 PSYoungGen      total 146944K, used 1773K [0x00000000e0000000, 0x00000000eb080000, 0x0000000100000000)
  eden space 131584K, 0% used [0x00000000e0000000,0x00000000e0000000,0x00000000e8080000)
  from space 15360K, 11% used [0x00000000e9000000,0x00000000e91bb7e0,0x00000000e9f00000)
  to   space 15872K, 0% used [0x00000000e8080000,0x00000000e8080000,0x00000000e9000000)
 ParOldGen       total 83456K, used 35150K [0x00000000a0000000, 0x00000000a5180000, 0x00000000e0000000)
  object space 83456K, 42% used [0x00000000a0000000,0x00000000a2253988,0x00000000a5180000)
 Metaspace       used 56739K, capacity 59064K, committed 59160K, reserved 1099776K
  class space    used 7735K, capacity 8285K, committed 8368K, reserved 1048576K
Event: 21.977 GC heap after
Heap after GC invocations=17 (full 3):
 PSYoungGen      total 146944K, used 0K [0x00000000e0000000, 0x00000000eb080000, 0x0000000100000000)
  eden space 131584K, 0% used [0x00000000e0000000,0x00000000e0000000,0x00000000e8080000)
  from space 15360K, 0% used [0x00000000e9000000,0x00000000e9000000,0x00000000e9f00000)
  to   space 15872K, 0% used [0x00000000e8080000,0x00000000e8080000,0x00000000e9000000)
 ParOldGen       total 83456K, used 29713K [0x00000000a0000000, 0x00000000a5180000, 0x00000000e0000000)
  object space 83456K, 35% used [0x00000000a0000000,0x00000000a1d04570,0x00000000a5180000)
 Metaspace       used 56733K, capacity 59046K, committed 59160K, reserved 1099776K
  class space    used 7733K, capacity 8282K, committed 8368K, reserved 1048576K
}

