# JRE version: OpenJDK Runtime Environment (8.0_242-b01) (build 1.8.0_242-release-1644-b01)
# Java VM: OpenJDK 64-Bit Server VM (25.242-b01 mixed mode windows-amd64 compressed oops)
Heap:
 PSYoungGen      total 198656K, used 65640K [0x00000000e0000000, 0x00000000ee800000, 0x0000000100000000)
  eden space 180736K, 36% used [0x00000000e0000000,0x00000000e401a1f0,0x00000000eb080000)
  from space 17920K, 0% used [0x00000000ec280000,0x00000000ec280000,0x00000000ed400000)
  to   space 18432K, 0% used [0x00000000eb080000,0x00000000eb080000,0x00000000ec280000)
 ParOldGen       total 129024K, used 29858K [0x00000000a0000000, 0x00000000a7e00000, 0x00000000e0000000)
  object space 129024K, 23% used [0x00000000a0000000,0x00000000a1d28a78,0x00000000a7e00000)
 Metaspace       used 59891K, capacity 62360K, committed 62632K, reserved 1103872K
  class space    used 8214K, capacity 8773K, committed 8880K, reserved 1048576K
GC Heap History (10 events):
Event: 8.949 GC heap before
{Heap before GC invocations=11 (full 2):
 PSYoungGen      total 119808K, used 8361K [0x00000000e0000000, 0x00000000eac80000, 0x0000000100000000)
  eden space 108032K, 0% used [0x00000000e0000000,0x00000000e0000000,0x00000000e6980000)
  from space 11776K, 71% used [0x00000000e6980000,0x00000000e71aa7b8,0x00000000e7500000)
  to   space 11776K, 0% used [0x00000000ea100000,0x00000000ea100000,0x00000000eac80000)
 ParOldGen       total 58368K, used 8978K [0x00000000a0000000, 0x00000000a3900000, 0x00000000e0000000)
  object space 58368K, 15% used [0x00000000a0000000,0x00000000a08c49a0,0x00000000a3900000)
 Metaspace       used 34382K, capacity 35430K, committed 35496K, reserved 1079296K
  class space    used 4715K, capacity 5002K, committed 5040K, reserved 1048576K
Event: 9.015 GC heap after
Heap after GC invocations=11 (full 2):
 PSYoungGen      total 119808K, used 0K [0x00000000e0000000, 0x00000000eac80000, 0x0000000100000000)
  eden space 108032K, 0% used [0x00000000e0000000,0x00000000e0000000,0x00000000e6980000)
  from space 11776K, 0% used [0x00000000e6980000,0x00000000e6980000,0x00000000e7500000)
  to   space 11776K, 0% used [0x00000000ea100000,0x00000000ea100000,0x00000000eac80000)
 ParOldGen       total 85504K, used 14929K [0x00000000a0000000, 0x00000000a5380000, 0x00000000e0000000)
  object space 85504K, 17% used [0x00000000a0000000,0x00000000a0e94750,0x00000000a5380000)
 Metaspace       used 34382K, capacity 35430K, committed 35496K, reserved 1079296K
  class space    used 4715K, capacity 5002K, committed 5040K, reserved 1048576K
}
Event: 11.465 GC heap before
{Heap before GC invocations=12 (full 2):
 PSYoungGen      total 119808K, used 108032K [0x00000000e0000000, 0x00000000eac80000, 0x0000000100000000)
  eden space 108032K, 100% used [0x00000000e0000000,0x00000000e6980000,0x00000000e6980000)
  from space 11776K, 0% used [0x00000000e6980000,0x00000000e6980000,0x00000000e7500000)
  to   space 11776K, 0% used [0x00000000ea100000,0x00000000ea100000,0x00000000eac80000)
 ParOldGen       total 85504K, used 14929K [0x00000000a0000000, 0x00000000a5380000, 0x00000000e0000000)
  object space 85504K, 17% used [0x00000000a0000000,0x00000000a0e94750,0x00000000a5380000)
 Metaspace       used 42976K, capacity 44636K, committed 44840K, reserved 1087488K
  class space    used 5793K, capacity 6190K, committed 6192K, reserved 1048576K
Event: 11.483 GC heap after
Heap after GC invocations=12 (full 2):
 PSYoungGen      total 152064K, used 11749K [0x00000000e0000000, 0x00000000eac80000, 0x0000000100000000)
  eden space 140288K, 0% used [0x00000000e0000000,0x00000000e0000000,0x00000000e8900000)
  from space 11776K, 99% used [0x00000000ea100000,0x00000000eac796f8,0x00000000eac80000)
  to   space 13312K, 0% used [0x00000000e9280000,0x00000000e9280000,0x00000000e9f80000)
 ParOldGen       total 85504K, used 15309K [0x00000000a0000000, 0x00000000a5380000, 0x00000000e0000000)
  object space 85504K, 17% used [0x00000000a0000000,0x00000000a0ef37c8,0x00000000a5380000)
 Metaspace       used 42976K, capacity 44636K, committed 44840K, reserved 1087488K
  class space    used 5793K, capacity 6190K, committed 6192K, reserved 1048576K
}
Event: 14.670 GC heap before
{Heap before GC invocations=13 (full 2):
 PSYoungGen      total 152064K, used 152037K [0x00000000e0000000, 0x00000000eac80000, 0x0000000100000000)
  eden space 140288K, 100% used [0x00000000e0000000,0x00000000e8900000,0x00000000e8900000)
  from space 11776K, 99% used [0x00000000ea100000,0x00000000eac796f8,0x00000000eac80000)
  to   space 13312K, 0% used [0x00000000e9280000,0x00000000e9280000,0x00000000e9f80000)
 ParOldGen       total 85504K, used 15309K [0x00000000a0000000, 0x00000000a5380000, 0x00000000e0000000)
  object space 85504K, 17% used [0x00000000a0000000,0x00000000a0ef37c8,0x00000000a5380000)
 Metaspace       used 54511K, capacity 56762K, committed 56872K, reserved 1097728K
  class space    used 7401K, capacity 7902K, committed 7984K, reserved 1048576K
Event: 14.715 GC heap after
Heap after GC invocations=13 (full 2):
 PSYoungGen      total 163328K, used 13302K [0x00000000e0000000, 0x00000000ed400000, 0x0000000100000000)
  eden space 150016K, 0% used [0x00000000e0000000,0x00000000e0000000,0x00000000e9280000)
  from space 13312K, 99% used [0x00000000e9280000,0x00000000e9f7dbb8,0x00000000e9f80000)
  to   space 17920K, 0% used [0x00000000ec280000,0x00000000ec280000,0x00000000ed400000)
 ParOldGen       total 85504K, used 24448K [0x00000000a0000000, 0x00000000a5380000, 0x00000000e0000000)
  object space 85504K, 28% used [0x00000000a0000000,0x00000000a17e00e8,0x00000000a5380000)
 Metaspace       used 54511K, capacity 56762K, committed 56872K, reserved 1097728K
  class space    used 7401K, capacity 7902K, committed 7984K, reserved 1048576K
}
Event: 15.333 GC heap before
{Heap before GC invocations=14 (full 2):
 PSYoungGen      total 163328K, used 44975K [0x00000000e0000000, 0x00000000ed400000, 0x0000000100000000)
  eden space 150016K, 21% used [0x00000000e0000000,0x00000000e1eee368,0x00000000e9280000)
  from space 13312K, 99% used [0x00000000e9280000,0x00000000e9f7dbb8,0x00000000e9f80000)
  to   space 17920K, 0% used [0x00000000ec280000,0x00000000ec280000,0x00000000ed400000)
 ParOldGen       total 85504K, used 24448K [0x00000000a0000000, 0x00000000a5380000, 0x00000000e0000000)
  object space 85504K, 28% used [0x00000000a0000000,0x00000000a17e00e8,0x00000000a5380000)
 Metaspace       used 56669K, capacity 59018K, committed 59160K, reserved 1099776K
  class space    used 7744K, capacity 8276K, committed 8368K, reserved 1048576K
Event: 15.357 GC heap after
Heap after GC invocations=14 (full 2):
 PSYoungGen      total 198656K, used 2815K [0x00000000e0000000, 0x00000000ee800000, 0x0000000100000000)
  eden space 180736K, 0% used [0x00000000e0000000,0x00000000e0000000,0x00000000eb080000)
  from space 17920K, 15% used [0x00000000ec280000,0x00000000ec53fea0,0x00000000ed400000)
  to   space 18432K, 0% used [0x00000000eb080000,0x00000000eb080000,0x00000000ec280000)
 ParOldGen       total 85504K, used 33847K [0x00000000a0000000, 0x00000000a5380000, 0x00000000e0000000)
  object space 85504K, 39% used [0x00000000a0000000,0x00000000a210de88,0x00000000a5380000)
 Metaspace       used 56669K, capacity 59018K, committed 59160K, reserved 1099776K
  class space    used 7744K, capacity 8276K, committed 8368K, reserved 1048576K
}
Event: 15.357 GC heap before
{Heap before GC invocations=15 (full 3):
 PSYoungGen      total 198656K, used 2815K [0x00000000e0000000, 0x00000000ee800000, 0x0000000100000000)
  eden space 180736K, 0% used [0x00000000e0000000,0x00000000e0000000,0x00000000eb080000)
  from space 17920K, 15% used [0x00000000ec280000,0x00000000ec53fea0,0x00000000ed400000)
  to   space 18432K, 0% used [0x00000000eb080000,0x00000000eb080000,0x00000000ec280000)
 ParOldGen       total 85504K, used 33847K [0x00000000a0000000, 0x00000000a5380000, 0x00000000e0000000)
  object space 85504K, 39% used [0x00000000a0000000,0x00000000a210de88,0x00000000a5380000)
 Metaspace       used 56669K, capacity 59018K, committed 59160K, reserved 1099776K
  class space    used 7744K, capacity 8276K, committed 8368K, reserved 1048576K
Event: 15.729 GC heap after
Heap after GC invocations=15 (full 3):
 PSYoungGen      total 198656K, used 0K [0x00000000e0000000, 0x00000000ee800000, 0x0000000100000000)
  eden space 180736K, 0% used [0x00000000e0000000,0x00000000e0000000,0x00000000eb080000)
  from space 17920K, 0% used [0x00000000ec280000,0x00000000ec280000,0x00000000ed400000)
  to   space 18432K, 0% used [0x00000000eb080000,0x00000000eb080000,0x00000000ec280000)
 ParOldGen       total 129024K, used 29858K [0x00000000a0000000, 0x00000000a7e00000, 0x00000000e0000000)
  object space 129024K, 23% used [0x00000000a0000000,0x00000000a1d28a78,0x00000000a7e00000)
 Metaspace       used 56656K, capacity 58976K, committed 59160K, reserved 1099776K
  class space    used 7741K, capacity 8269K, committed 8368K, reserved 1048576K
}

