# JRE version: OpenJDK Runtime Environment (8.0_242-b01) (build 1.8.0_242-release-1644-b01)
# Java VM: OpenJDK 64-Bit Server VM (25.242-b01 mixed mode windows-amd64 compressed oops)
Heap:
 PSYoungGen      total 280064K, used 35462K [0x00000000e0000000, 0x00000000f4c00000, 0x0000000100000000)
  eden space 244224K, 10% used [0x00000000e0000000,0x00000000e1a370f0,0x00000000eee80000)
  from space 35840K, 24% used [0x00000000f0f00000,0x00000000f176aaa8,0x00000000f3200000)
  to   space 33280K, 0% used [0x00000000eee80000,0x00000000eee80000,0x00000000f0f00000)
 ParOldGen       total 136192K, used 83388K [0x00000000a0000000, 0x00000000a8500000, 0x00000000e0000000)
  object space 136192K, 61% used [0x00000000a0000000,0x00000000a516f050,0x00000000a8500000)
 Metaspace       used 76080K, capacity 80792K, committed 80984K, reserved 1118208K
  class space    used 10462K, capacity 11367K, committed 11392K, reserved 1048576K
GC Heap History (10 events):
Event: 19.743 GC heap before
{Heap before GC invocations=17 (full 3):
 PSYoungGen      total 184320K, used 180815K [0x00000000e0000000, 0x00000000eeb00000, 0x0000000100000000)
  eden space 165888K, 100% used [0x00000000e0000000,0x00000000ea200000,0x00000000ea200000)
  from space 18432K, 80% used [0x00000000ea200000,0x00000000eb093e98,0x00000000eb400000)
  to   space 19456K, 0% used [0x00000000ed800000,0x00000000ed800000,0x00000000eeb00000)
 ParOldGen       total 136192K, used 33387K [0x00000000a0000000, 0x00000000a8500000, 0x00000000e0000000)
  object space 136192K, 24% used [0x00000000a0000000,0x00000000a209ae08,0x00000000a8500000)
 Metaspace       used 64161K, capacity 67196K, committed 67288K, reserved 1107968K
  class space    used 8782K, capacity 9389K, committed 9472K, reserved 1048576K
Event: 19.781 GC heap after
Heap after GC invocations=17 (full 3):
 PSYoungGen      total 218112K, used 19439K [0x00000000e0000000, 0x00000000ef000000, 0x0000000100000000)
  eden space 198656K, 0% used [0x00000000e0000000,0x00000000e0000000,0x00000000ec200000)
  from space 19456K, 99% used [0x00000000ed800000,0x00000000eeafbec8,0x00000000eeb00000)
  to   space 22528K, 0% used [0x00000000ec200000,0x00000000ec200000,0x00000000ed800000)
 ParOldGen       total 136192K, used 34674K [0x00000000a0000000, 0x00000000a8500000, 0x00000000e0000000)
  object space 136192K, 25% used [0x00000000a0000000,0x00000000a21dcb48,0x00000000a8500000)
 Metaspace       used 64161K, capacity 67196K, committed 67288K, reserved 1107968K
  class space    used 8782K, capacity 9389K, committed 9472K, reserved 1048576K
}
Event: 24.050 GC heap before
{Heap before GC invocations=18 (full 3):
 PSYoungGen      total 218112K, used 218095K [0x00000000e0000000, 0x00000000ef000000, 0x0000000100000000)
  eden space 198656K, 100% used [0x00000000e0000000,0x00000000ec200000,0x00000000ec200000)
  from space 19456K, 99% used [0x00000000ed800000,0x00000000eeafbec8,0x00000000eeb00000)
  to   space 22528K, 0% used [0x00000000ec200000,0x00000000ec200000,0x00000000ed800000)
 ParOldGen       total 136192K, used 34674K [0x00000000a0000000, 0x00000000a8500000, 0x00000000e0000000)
  object space 136192K, 25% used [0x00000000a0000000,0x00000000a21dcb48,0x00000000a8500000)
 Metaspace       used 73480K, capacity 77668K, committed 77912K, reserved 1116160K
  class space    used 10192K, capacity 11047K, committed 11136K, reserved 1048576K
Event: 24.143 GC heap after
Heap after GC invocations=18 (full 3):
 PSYoungGen      total 221184K, used 22526K [0x00000000e0000000, 0x00000000f3200000, 0x0000000100000000)
  eden space 198656K, 0% used [0x00000000e0000000,0x00000000e0000000,0x00000000ec200000)
  from space 22528K, 99% used [0x00000000ec200000,0x00000000ed7ffa88,0x00000000ed800000)
  to   space 35840K, 0% used [0x00000000f0f00000,0x00000000f0f00000,0x00000000f3200000)
 ParOldGen       total 136192K, used 61327K [0x00000000a0000000, 0x00000000a8500000, 0x00000000e0000000)
  object space 136192K, 45% used [0x00000000a0000000,0x00000000a3be3da8,0x00000000a8500000)
 Metaspace       used 73480K, capacity 77668K, committed 77912K, reserved 1116160K
  class space    used 10192K, capacity 11047K, committed 11136K, reserved 1048576K
}
Event: 26.938 GC heap before
{Heap before GC invocations=19 (full 3):
 PSYoungGen      total 221184K, used 220992K [0x00000000e0000000, 0x00000000f3200000, 0x0000000100000000)
  eden space 198656K, 99% used [0x00000000e0000000,0x00000000ec1d0840,0x00000000ec200000)
  from space 22528K, 99% used [0x00000000ec200000,0x00000000ed7ffa88,0x00000000ed800000)
  to   space 35840K, 0% used [0x00000000f0f00000,0x00000000f0f00000,0x00000000f3200000)
 ParOldGen       total 136192K, used 61327K [0x00000000a0000000, 0x00000000a8500000, 0x00000000e0000000)
  object space 136192K, 45% used [0x00000000a0000000,0x00000000a3be3da8,0x00000000a8500000)
 Metaspace       used 75694K, capacity 80250K, committed 80472K, reserved 1118208K
  class space    used 10420K, capacity 11316K, committed 11392K, reserved 1048576K
Event: 27.001 GC heap after
Heap after GC invocations=19 (full 3):
 PSYoungGen      total 278016K, used 4541K [0x00000000e0000000, 0x00000000f3200000, 0x0000000100000000)
  eden space 242176K, 0% used [0x00000000e0000000,0x00000000e0000000,0x00000000eec80000)
  from space 35840K, 12% used [0x00000000f0f00000,0x00000000f136f688,0x00000000f3200000)
  to   space 35328K, 0% used [0x00000000eec80000,0x00000000eec80000,0x00000000f0f00000)
 ParOldGen       total 136192K, used 83380K [0x00000000a0000000, 0x00000000a8500000, 0x00000000e0000000)
  object space 136192K, 61% used [0x00000000a0000000,0x00000000a516d050,0x00000000a8500000)
 Metaspace       used 75694K, capacity 80250K, committed 80472K, reserved 1118208K
  class space    used 10420K, capacity 11316K, committed 11392K, reserved 1048576K
}
Event: 28.740 GC heap before
{Heap before GC invocations=20 (full 3):
 PSYoungGen      total 278016K, used 246717K [0x00000000e0000000, 0x00000000f3200000, 0x0000000100000000)
  eden space 242176K, 100% used [0x00000000e0000000,0x00000000eec80000,0x00000000eec80000)
  from space 35840K, 12% used [0x00000000f0f00000,0x00000000f136f688,0x00000000f3200000)
  to   space 35328K, 0% used [0x00000000eec80000,0x00000000eec80000,0x00000000f0f00000)
 ParOldGen       total 136192K, used 83380K [0x00000000a0000000, 0x00000000a8500000, 0x00000000e0000000)
  object space 136192K, 61% used [0x00000000a0000000,0x00000000a516d050,0x00000000a8500000)
 Metaspace       used 75804K, capacity 80410K, committed 80728K, reserved 1118208K
  class space    used 10421K, capacity 11318K, committed 11392K, reserved 1048576K
Event: 28.752 GC heap after
Heap after GC invocations=20 (full 3):
 PSYoungGen      total 277504K, used 3173K [0x00000000e0000000, 0x00000000f3200000, 0x0000000100000000)
  eden space 242176K, 0% used [0x00000000e0000000,0x00000000e0000000,0x00000000eec80000)
  from space 35328K, 8% used [0x00000000eec80000,0x00000000eef99748,0x00000000f0f00000)
  to   space 35840K, 0% used [0x00000000f0f00000,0x00000000f0f00000,0x00000000f3200000)
 ParOldGen       total 136192K, used 83388K [0x00000000a0000000, 0x00000000a8500000, 0x00000000e0000000)
  object space 136192K, 61% used [0x00000000a0000000,0x00000000a516f050,0x00000000a8500000)
 Metaspace       used 75804K, capacity 80410K, committed 80728K, reserved 1118208K
  class space    used 10421K, capacity 11318K, committed 11392K, reserved 1048576K
}
Event: 30.994 GC heap before
{Heap before GC invocations=21 (full 3):
 PSYoungGen      total 277504K, used 245349K [0x00000000e0000000, 0x00000000f3200000, 0x0000000100000000)
  eden space 242176K, 100% used [0x00000000e0000000,0x00000000eec80000,0x00000000eec80000)
  from space 35328K, 8% used [0x00000000eec80000,0x00000000eef99748,0x00000000f0f00000)
  to   space 35840K, 0% used [0x00000000f0f00000,0x00000000f0f00000,0x00000000f3200000)
 ParOldGen       total 136192K, used 83388K [0x00000000a0000000, 0x00000000a8500000, 0x00000000e0000000)
  object space 136192K, 61% used [0x00000000a0000000,0x00000000a516f050,0x00000000a8500000)
 Metaspace       used 76079K, capacity 80792K, committed 80984K, reserved 1118208K
  class space    used 10462K, capacity 11367K, committed 11392K, reserved 1048576K
Event: 31.026 GC heap after
Heap after GC invocations=21 (full 3):
 PSYoungGen      total 280064K, used 8618K [0x00000000e0000000, 0x00000000f4c00000, 0x0000000100000000)
  eden space 244224K, 0% used [0x00000000e0000000,0x00000000e0000000,0x00000000eee80000)
  from space 35840K, 24% used [0x00000000f0f00000,0x00000000f176aaa8,0x00000000f3200000)
  to   space 33280K, 0% used [0x00000000eee80000,0x00000000eee80000,0x00000000f0f00000)
 ParOldGen       total 136192K, used 83388K [0x00000000a0000000, 0x00000000a8500000, 0x00000000e0000000)
  object space 136192K, 61% used [0x00000000a0000000,0x00000000a516f050,0x00000000a8500000)
 Metaspace       used 76079K, capacity 80792K, committed 80984K, reserved 1118208K
  class space    used 10462K, capacity 11367K, committed 11392K, reserved 1048576K
}

