# JRE version: OpenJDK Runtime Environment (8.0_242-b01) (build 1.8.0_242-release-1644-b01)
# Java VM: OpenJDK 64-Bit Server VM (25.242-b01 mixed mode windows-amd64 compressed oops)
Heap:
 PSYoungGen      total 272384K, used 50155K [0x00000000e0000000, 0x00000000f6d80000, 0x0000000100000000)
  eden space 188928K, 26% used [0x00000000e0000000,0x00000000e30fad50,0x00000000eb880000)
  from space 83456K, 0% used [0x00000000eb880000,0x00000000eb880000,0x00000000f0a00000)
  to   space 70656K, 0% used [0x00000000f0a00000,0x00000000f0a00000,0x00000000f4f00000)
 ParOldGen       total 141312K, used 80349K [0x00000000a0000000, 0x00000000a8a00000, 0x00000000e0000000)
  object space 141312K, 56% used [0x00000000a0000000,0x00000000a4e77540,0x00000000a8a00000)
 Metaspace       used 96281K, capacity 100858K, committed 101080K, reserved 1138688K
  class space    used 12147K, capacity 12999K, committed 13056K, reserved 1048576K
GC Heap History (10 events):
Event: 586.528 GC heap before
{Heap before GC invocations=27 (full 3):
 PSYoungGen      total 219648K, used 217030K [0x00000000e0000000, 0x00000000f2200000, 0x0000000100000000)
  eden space 172544K, 100% used [0x00000000e0000000,0x00000000ea880000,0x00000000ea880000)
  from space 47104K, 94% used [0x00000000ea880000,0x00000000ed3f1a40,0x00000000ed680000)
  to   space 52736K, 0% used [0x00000000eee80000,0x00000000eee80000,0x00000000f2200000)
 ParOldGen       total 141312K, used 89786K [0x00000000a0000000, 0x00000000a8a00000, 0x00000000e0000000)
  object space 141312K, 63% used [0x00000000a0000000,0x00000000a57ae9c8,0x00000000a8a00000)
 Metaspace       used 91938K, capacity 95916K, committed 96344K, reserved 1132544K
  class space    used 11565K, capacity 12338K, committed 12416K, reserved 1048576K
Event: 586.636 GC heap after
Heap after GC invocations=27 (full 3):
 PSYoungGen      total 232448K, used 52712K [0x00000000e0000000, 0x00000000f3e80000, 0x0000000100000000)
  eden space 179712K, 0% used [0x00000000e0000000,0x00000000e0000000,0x00000000eaf80000)
  from space 52736K, 99% used [0x00000000eee80000,0x00000000f21fa130,0x00000000f2200000)
  to   space 64512K, 0% used [0x00000000eaf80000,0x00000000eaf80000,0x00000000eee80000)
 ParOldGen       total 141312K, used 99291K [0x00000000a0000000, 0x00000000a8a00000, 0x00000000e0000000)
  object space 141312K, 70% used [0x00000000a0000000,0x00000000a60f6c98,0x00000000a8a00000)
 Metaspace       used 91938K, capacity 95916K, committed 96344K, reserved 1132544K
  class space    used 11565K, capacity 12338K, committed 12416K, reserved 1048576K
}
Event: 590.824 GC heap before
{Heap before GC invocations=28 (full 3):
 PSYoungGen      total 232448K, used 232424K [0x00000000e0000000, 0x00000000f3e80000, 0x0000000100000000)
  eden space 179712K, 100% used [0x00000000e0000000,0x00000000eaf80000,0x00000000eaf80000)
  from space 52736K, 99% used [0x00000000eee80000,0x00000000f21fa130,0x00000000f2200000)
  to   space 64512K, 0% used [0x00000000eaf80000,0x00000000eaf80000,0x00000000eee80000)
 ParOldGen       total 141312K, used 99291K [0x00000000a0000000, 0x00000000a8a00000, 0x00000000e0000000)
  object space 141312K, 70% used [0x00000000a0000000,0x00000000a60f6c98,0x00000000a8a00000)
 Metaspace       used 92645K, capacity 96654K, committed 96856K, reserved 1134592K
  class space    used 11610K, capacity 12383K, committed 12416K, reserved 1048576K
Event: 590.932 GC heap after
Heap after GC invocations=28 (full 3):
 PSYoungGen      total 244224K, used 54635K [0x00000000e0000000, 0x00000000f4f00000, 0x0000000100000000)
  eden space 179712K, 0% used [0x00000000e0000000,0x00000000e0000000,0x00000000eaf80000)
  from space 64512K, 84% used [0x00000000eaf80000,0x00000000ee4dac28,0x00000000eee80000)
  to   space 70656K, 0% used [0x00000000f0a00000,0x00000000f0a00000,0x00000000f4f00000)
 ParOldGen       total 141312K, used 101875K [0x00000000a0000000, 0x00000000a8a00000, 0x00000000e0000000)
  object space 141312K, 72% used [0x00000000a0000000,0x00000000a637cf88,0x00000000a8a00000)
 Metaspace       used 92645K, capacity 96654K, committed 96856K, reserved 1134592K
  class space    used 11610K, capacity 12383K, committed 12416K, reserved 1048576K
}
Event: 592.751 GC heap before
{Heap before GC invocations=29 (full 3):
 PSYoungGen      total 244224K, used 234347K [0x00000000e0000000, 0x00000000f4f00000, 0x0000000100000000)
  eden space 179712K, 100% used [0x00000000e0000000,0x00000000eaf80000,0x00000000eaf80000)
  from space 64512K, 84% used [0x00000000eaf80000,0x00000000ee4dac28,0x00000000eee80000)
  to   space 70656K, 0% used [0x00000000f0a00000,0x00000000f0a00000,0x00000000f4f00000)
 ParOldGen       total 141312K, used 101875K [0x00000000a0000000, 0x00000000a8a00000, 0x00000000e0000000)
  object space 141312K, 72% used [0x00000000a0000000,0x00000000a637cf88,0x00000000a8a00000)
 Metaspace       used 92658K, capacity 96654K, committed 96856K, reserved 1134592K
  class space    used 11610K, capacity 12383K, committed 12416K, reserved 1048576K
Event: 592.842 GC heap after
Heap after GC invocations=29 (full 3):
 PSYoungGen      total 259584K, used 70645K [0x00000000e0000000, 0x00000000f6d80000, 0x0000000100000000)
  eden space 188928K, 0% used [0x00000000e0000000,0x00000000e0000000,0x00000000eb880000)
  from space 70656K, 99% used [0x00000000f0a00000,0x00000000f4efd478,0x00000000f4f00000)
  to   space 83456K, 0% used [0x00000000eb880000,0x00000000eb880000,0x00000000f0a00000)
 ParOldGen       total 141312K, used 106765K [0x00000000a0000000, 0x00000000a8a00000, 0x00000000e0000000)
  object space 141312K, 75% used [0x00000000a0000000,0x00000000a68437d0,0x00000000a8a00000)
 Metaspace       used 92658K, capacity 96654K, committed 96856K, reserved 1134592K
  class space    used 11610K, capacity 12383K, committed 12416K, reserved 1048576K
}
Event: 593.959 GC heap before
{Heap before GC invocations=30 (full 3):
 PSYoungGen      total 259584K, used 148055K [0x00000000e0000000, 0x00000000f6d80000, 0x0000000100000000)
  eden space 188928K, 40% used [0x00000000e0000000,0x00000000e4b988a0,0x00000000eb880000)
  from space 70656K, 99% used [0x00000000f0a00000,0x00000000f4efd478,0x00000000f4f00000)
  to   space 83456K, 0% used [0x00000000eb880000,0x00000000eb880000,0x00000000f0a00000)
 ParOldGen       total 141312K, used 106765K [0x00000000a0000000, 0x00000000a8a00000, 0x00000000e0000000)
  object space 141312K, 75% used [0x00000000a0000000,0x00000000a68437d0,0x00000000a8a00000)
 Metaspace       used 94060K, capacity 98224K, committed 98280K, reserved 1134592K
  class space    used 11816K, capacity 12616K, committed 12672K, reserved 1048576K
Event: 594.040 GC heap after
Heap after GC invocations=30 (full 3):
 PSYoungGen      total 272384K, used 58448K [0x00000000e0000000, 0x00000000f6d80000, 0x0000000100000000)
  eden space 188928K, 0% used [0x00000000e0000000,0x00000000e0000000,0x00000000eb880000)
  from space 83456K, 70% used [0x00000000eb880000,0x00000000ef194018,0x00000000f0a00000)
  to   space 70656K, 0% used [0x00000000f0a00000,0x00000000f0a00000,0x00000000f4f00000)
 ParOldGen       total 141312K, used 114868K [0x00000000a0000000, 0x00000000a8a00000, 0x00000000e0000000)
  object space 141312K, 81% used [0x00000000a0000000,0x00000000a702d1d8,0x00000000a8a00000)
 Metaspace       used 94060K, capacity 98224K, committed 98280K, reserved 1134592K
  class space    used 11816K, capacity 12616K, committed 12672K, reserved 1048576K
}
Event: 594.040 GC heap before
{Heap before GC invocations=31 (full 4):
 PSYoungGen      total 272384K, used 58448K [0x00000000e0000000, 0x00000000f6d80000, 0x0000000100000000)
  eden space 188928K, 0% used [0x00000000e0000000,0x00000000e0000000,0x00000000eb880000)
  from space 83456K, 70% used [0x00000000eb880000,0x00000000ef194018,0x00000000f0a00000)
  to   space 70656K, 0% used [0x00000000f0a00000,0x00000000f0a00000,0x00000000f4f00000)
 ParOldGen       total 141312K, used 114868K [0x00000000a0000000, 0x00000000a8a00000, 0x00000000e0000000)
  object space 141312K, 81% used [0x00000000a0000000,0x00000000a702d1d8,0x00000000a8a00000)
 Metaspace       used 94060K, capacity 98224K, committed 98280K, reserved 1134592K
  class space    used 11816K, capacity 12616K, committed 12672K, reserved 1048576K
Event: 594.442 GC heap after
Heap after GC invocations=31 (full 4):
 PSYoungGen      total 272384K, used 0K [0x00000000e0000000, 0x00000000f6d80000, 0x0000000100000000)
  eden space 188928K, 0% used [0x00000000e0000000,0x00000000e0000000,0x00000000eb880000)
  from space 83456K, 0% used [0x00000000eb880000,0x00000000eb880000,0x00000000f0a00000)
  to   space 70656K, 0% used [0x00000000f0a00000,0x00000000f0a00000,0x00000000f4f00000)
 ParOldGen       total 141312K, used 80349K [0x00000000a0000000, 0x00000000a8a00000, 0x00000000e0000000)
  object space 141312K, 56% used [0x00000000a0000000,0x00000000a4e77540,0x00000000a8a00000)
 Metaspace       used 93993K, capacity 98026K, committed 98280K, reserved 1134592K
  class space    used 11793K, capacity 12577K, committed 12672K, reserved 1048576K
}

