# JRE version: OpenJDK Runtime Environment (8.0_242-b01) (build 1.8.0_242-release-1644-b01)
# Java VM: OpenJDK 64-Bit Server VM (25.242-b01 mixed mode windows-amd64 compressed oops)
Heap:
 PSYoungGen      total 210944K, used 135930K [0x00000000e0000000, 0x00000000eef80000, 0x0000000100000000)
  eden space 189952K, 60% used [0x00000000e0000000,0x00000000e70a2990,0x00000000eb980000)
  from space 20992K, 98% used [0x00000000ed080000,0x00000000ee49bea8,0x00000000ee500000)
  to   space 23552K, 0% used [0x00000000eb980000,0x00000000eb980000,0x00000000ed080000)
 ParOldGen       total 139776K, used 35250K [0x00000000a0000000, 0x00000000a8880000, 0x00000000e0000000)
  object space 139776K, 25% used [0x00000000a0000000,0x00000000a226c978,0x00000000a8880000)
 Metaspace       used 67771K, capacity 70958K, committed 71128K, reserved 1110016K
  class space    used 9023K, capacity 9654K, committed 9728K, reserved 1048576K
GC Heap History (10 events):
Event: 12.087 GC heap before
{Heap before GC invocations=13 (full 2):
 PSYoungGen      total 137728K, used 137612K [0x00000000e0000000, 0x00000000e9f00000, 0x0000000100000000)
  eden space 130560K, 100% used [0x00000000e0000000,0x00000000e7f80000,0x00000000e7f80000)
  from space 7168K, 98% used [0x00000000e9800000,0x00000000e9ee3290,0x00000000e9f00000)
  to   space 11264K, 0% used [0x00000000e8900000,0x00000000e8900000,0x00000000e9400000)
 ParOldGen       total 88576K, used 14500K [0x00000000a0000000, 0x00000000a5680000, 0x00000000e0000000)
  object space 88576K, 16% used [0x00000000a0000000,0x00000000a0e29258,0x00000000a5680000)
 Metaspace       used 50666K, capacity 52578K, committed 52824K, reserved 1095680K
  class space    used 6770K, capacity 7190K, committed 7296K, reserved 1048576K
Event: 12.116 GC heap after
Heap after GC invocations=13 (full 2):
 PSYoungGen      total 151552K, used 11260K [0x00000000e0000000, 0x00000000ebe80000, 0x0000000100000000)
  eden space 140288K, 0% used [0x00000000e0000000,0x00000000e0000000,0x00000000e8900000)
  from space 11264K, 99% used [0x00000000e8900000,0x00000000e93ff300,0x00000000e9400000)
  to   space 15872K, 0% used [0x00000000eaf00000,0x00000000eaf00000,0x00000000ebe80000)
 ParOldGen       total 88576K, used 24343K [0x00000000a0000000, 0x00000000a5680000, 0x00000000e0000000)
  object space 88576K, 27% used [0x00000000a0000000,0x00000000a17c5f90,0x00000000a5680000)
 Metaspace       used 50666K, capacity 52578K, committed 52824K, reserved 1095680K
  class space    used 6770K, capacity 7190K, committed 7296K, reserved 1048576K
}
Event: 14.379 GC heap before
{Heap before GC invocations=14 (full 2):
 PSYoungGen      total 151552K, used 93759K [0x00000000e0000000, 0x00000000ebe80000, 0x0000000100000000)
  eden space 140288K, 58% used [0x00000000e0000000,0x00000000e5090c78,0x00000000e8900000)
  from space 11264K, 99% used [0x00000000e8900000,0x00000000e93ff300,0x00000000e9400000)
  to   space 15872K, 0% used [0x00000000eaf00000,0x00000000eaf00000,0x00000000ebe80000)
 ParOldGen       total 88576K, used 24343K [0x00000000a0000000, 0x00000000a5680000, 0x00000000e0000000)
  object space 88576K, 27% used [0x00000000a0000000,0x00000000a17c5f90,0x00000000a5680000)
 Metaspace       used 56513K, capacity 58862K, committed 58968K, reserved 1099776K
  class space    used 7721K, capacity 8222K, committed 8320K, reserved 1048576K
Event: 14.428 GC heap after
Heap after GC invocations=14 (full 2):
 PSYoungGen      total 175104K, used 15841K [0x00000000e0000000, 0x00000000ed480000, 0x0000000100000000)
  eden space 159232K, 0% used [0x00000000e0000000,0x00000000e0000000,0x00000000e9b80000)
  from space 15872K, 99% used [0x00000000eaf00000,0x00000000ebe78510,0x00000000ebe80000)
  to   space 19968K, 0% used [0x00000000e9b80000,0x00000000e9b80000,0x00000000eaf00000)
 ParOldGen       total 88576K, used 29199K [0x00000000a0000000, 0x00000000a5680000, 0x00000000e0000000)
  object space 88576K, 32% used [0x00000000a0000000,0x00000000a1c83f08,0x00000000a5680000)
 Metaspace       used 56513K, capacity 58862K, committed 58968K, reserved 1099776K
  class space    used 7721K, capacity 8222K, committed 8320K, reserved 1048576K
}
Event: 14.428 GC heap before
{Heap before GC invocations=15 (full 3):
 PSYoungGen      total 175104K, used 15841K [0x00000000e0000000, 0x00000000ed480000, 0x0000000100000000)
  eden space 159232K, 0% used [0x00000000e0000000,0x00000000e0000000,0x00000000e9b80000)
  from space 15872K, 99% used [0x00000000eaf00000,0x00000000ebe78510,0x00000000ebe80000)
  to   space 19968K, 0% used [0x00000000e9b80000,0x00000000e9b80000,0x00000000eaf00000)
 ParOldGen       total 88576K, used 29199K [0x00000000a0000000, 0x00000000a5680000, 0x00000000e0000000)
  object space 88576K, 32% used [0x00000000a0000000,0x00000000a1c83f08,0x00000000a5680000)
 Metaspace       used 56513K, capacity 58862K, committed 58968K, reserved 1099776K
  class space    used 7721K, capacity 8222K, committed 8320K, reserved 1048576K
Event: 14.704 GC heap after
Heap after GC invocations=15 (full 3):
 PSYoungGen      total 175104K, used 0K [0x00000000e0000000, 0x00000000ed480000, 0x0000000100000000)
  eden space 159232K, 0% used [0x00000000e0000000,0x00000000e0000000,0x00000000e9b80000)
  from space 15872K, 0% used [0x00000000eaf00000,0x00000000eaf00000,0x00000000ebe80000)
  to   space 19968K, 0% used [0x00000000e9b80000,0x00000000e9b80000,0x00000000eaf00000)
 ParOldGen       total 139776K, used 35234K [0x00000000a0000000, 0x00000000a8880000, 0x00000000e0000000)
  object space 139776K, 25% used [0x00000000a0000000,0x00000000a2268978,0x00000000a8880000)
 Metaspace       used 56508K, capacity 58844K, committed 58968K, reserved 1099776K
  class space    used 7719K, capacity 8219K, committed 8320K, reserved 1048576K
}
Event: 17.555 GC heap before
{Heap before GC invocations=16 (full 3):
 PSYoungGen      total 175104K, used 159232K [0x00000000e0000000, 0x00000000ed480000, 0x0000000100000000)
  eden space 159232K, 100% used [0x00000000e0000000,0x00000000e9b80000,0x00000000e9b80000)
  from space 15872K, 0% used [0x00000000eaf00000,0x00000000eaf00000,0x00000000ebe80000)
  to   space 19968K, 0% used [0x00000000e9b80000,0x00000000e9b80000,0x00000000eaf00000)
 ParOldGen       total 139776K, used 35234K [0x00000000a0000000, 0x00000000a8880000, 0x00000000e0000000)
  object space 139776K, 25% used [0x00000000a0000000,0x00000000a2268978,0x00000000a8880000)
 Metaspace       used 63292K, capacity 66126K, committed 66392K, reserved 1105920K
  class space    used 8723K, capacity 9262K, committed 9344K, reserved 1048576K
Event: 17.581 GC heap after
Heap after GC invocations=16 (full 3):
 PSYoungGen      total 179200K, used 14812K [0x00000000e0000000, 0x00000000ee500000, 0x0000000100000000)
  eden space 159232K, 0% used [0x00000000e0000000,0x00000000e0000000,0x00000000e9b80000)
  from space 19968K, 74% used [0x00000000e9b80000,0x00000000ea9f7138,0x00000000eaf00000)
  to   space 20992K, 0% used [0x00000000ed080000,0x00000000ed080000,0x00000000ee500000)
 ParOldGen       total 139776K, used 35242K [0x00000000a0000000, 0x00000000a8880000, 0x00000000e0000000)
  object space 139776K, 25% used [0x00000000a0000000,0x00000000a226a978,0x00000000a8880000)
 Metaspace       used 63292K, capacity 66126K, committed 66392K, reserved 1105920K
  class space    used 8723K, capacity 9262K, committed 9344K, reserved 1048576K
}
Event: 20.234 GC heap before
{Heap before GC invocations=17 (full 3):
 PSYoungGen      total 179200K, used 174044K [0x00000000e0000000, 0x00000000ee500000, 0x0000000100000000)
  eden space 159232K, 100% used [0x00000000e0000000,0x00000000e9b80000,0x00000000e9b80000)
  from space 19968K, 74% used [0x00000000e9b80000,0x00000000ea9f7138,0x00000000eaf00000)
  to   space 20992K, 0% used [0x00000000ed080000,0x00000000ed080000,0x00000000ee500000)
 ParOldGen       total 139776K, used 35242K [0x00000000a0000000, 0x00000000a8880000, 0x00000000e0000000)
  object space 139776K, 25% used [0x00000000a0000000,0x00000000a226a978,0x00000000a8880000)
 Metaspace       used 64141K, capacity 67204K, committed 67288K, reserved 1107968K
  class space    used 8786K, capacity 9397K, committed 9472K, reserved 1048576K
Event: 20.316 GC heap after
Heap after GC invocations=17 (full 3):
 PSYoungGen      total 210944K, used 20591K [0x00000000e0000000, 0x00000000eef80000, 0x0000000100000000)
  eden space 189952K, 0% used [0x00000000e0000000,0x00000000e0000000,0x00000000eb980000)
  from space 20992K, 98% used [0x00000000ed080000,0x00000000ee49bea8,0x00000000ee500000)
  to   space 23552K, 0% used [0x00000000eb980000,0x00000000eb980000,0x00000000ed080000)
 ParOldGen       total 139776K, used 35250K [0x00000000a0000000, 0x00000000a8880000, 0x00000000e0000000)
  object space 139776K, 25% used [0x00000000a0000000,0x00000000a226c978,0x00000000a8880000)
 Metaspace       used 64141K, capacity 67204K, committed 67288K, reserved 1107968K
  class space    used 8786K, capacity 9397K, committed 9472K, reserved 1048576K
}

