# JRE version: OpenJDK Runtime Environment (8.0_242-b01) (build 1.8.0_242-release-1644-b01)
# Java VM: OpenJDK 64-Bit Server VM (25.242-b01 mixed mode windows-amd64 compressed oops)
Heap:
 PSYoungGen      total 325632K, used 210351K [0x00000000e0000000, 0x00000000f7880000, 0x0000000100000000)
  eden space 269824K, 74% used [0x00000000e0000000,0x00000000ec517aa8,0x00000000f0780000)
  from space 55808K, 15% used [0x00000000f0780000,0x00000000f0fd41f0,0x00000000f3e00000)
  to   space 56320K, 0% used [0x00000000f4180000,0x00000000f4180000,0x00000000f7880000)
 ParOldGen       total 244224K, used 113345K [0x00000000a0000000, 0x00000000aee80000, 0x00000000e0000000)
  object space 244224K, 46% used [0x00000000a0000000,0x00000000a6eb0770,0x00000000aee80000)
 Metaspace       used 106715K, capacity 114632K, committed 114776K, reserved 1148928K
  class space    used 13535K, capacity 14860K, committed 14976K, reserved 1048576K
GC Heap History (10 events):
Event: 3476.732 GC heap before
{Heap before GC invocations=43 (full 4):
 PSYoungGen      total 316416K, used 287322K [0x00000000e0000000, 0x00000000f7180000, 0x0000000100000000)
  eden space 259584K, 100% used [0x00000000e0000000,0x00000000efd80000,0x00000000efd80000)
  from space 56832K, 48% used [0x00000000f3a00000,0x00000000f5516910,0x00000000f7180000)
  to   space 59392K, 0% used [0x00000000efd80000,0x00000000efd80000,0x00000000f3780000)
 ParOldGen       total 244224K, used 92548K [0x00000000a0000000, 0x00000000aee80000, 0x00000000e0000000)
  object space 244224K, 37% used [0x00000000a0000000,0x00000000a5a61068,0x00000000aee80000)
 Metaspace       used 106148K, capacity 114114K, committed 114392K, reserved 1148928K
  class space    used 13484K, capacity 14817K, committed 14848K, reserved 1048576K
Event: 3476.771 GC heap after
Heap after GC invocations=43 (full 4):
 PSYoungGen      total 318976K, used 28091K [0x00000000e0000000, 0x00000000f7580000, 0x0000000100000000)
  eden space 259584K, 0% used [0x00000000e0000000,0x00000000e0000000,0x00000000efd80000)
  from space 59392K, 47% used [0x00000000efd80000,0x00000000f18eee78,0x00000000f3780000)
  to   space 57344K, 0% used [0x00000000f3d80000,0x00000000f3d80000,0x00000000f7580000)
 ParOldGen       total 244224K, used 92548K [0x00000000a0000000, 0x00000000aee80000, 0x00000000e0000000)
  object space 244224K, 37% used [0x00000000a0000000,0x00000000a5a61068,0x00000000aee80000)
 Metaspace       used 106148K, capacity 114114K, committed 114392K, reserved 1148928K
  class space    used 13484K, capacity 14817K, committed 14848K, reserved 1048576K
}
Event: 3579.990 GC heap before
{Heap before GC invocations=44 (full 4):
 PSYoungGen      total 318976K, used 287675K [0x00000000e0000000, 0x00000000f7580000, 0x0000000100000000)
  eden space 259584K, 100% used [0x00000000e0000000,0x00000000efd80000,0x00000000efd80000)
  from space 59392K, 47% used [0x00000000efd80000,0x00000000f18eee78,0x00000000f3780000)
  to   space 57344K, 0% used [0x00000000f3d80000,0x00000000f3d80000,0x00000000f7580000)
 ParOldGen       total 244224K, used 92548K [0x00000000a0000000, 0x00000000aee80000, 0x00000000e0000000)
  object space 244224K, 37% used [0x00000000a0000000,0x00000000a5a61068,0x00000000aee80000)
 Metaspace       used 106203K, capacity 114130K, committed 114392K, reserved 1148928K
  class space    used 13486K, capacity 14819K, committed 14848K, reserved 1048576K
Event: 3580.077 GC heap after
Heap after GC invocations=44 (full 4):
 PSYoungGen      total 318976K, used 28187K [0x00000000e0000000, 0x00000000f7100000, 0x0000000100000000)
  eden space 266240K, 0% used [0x00000000e0000000,0x00000000e0000000,0x00000000f0400000)
  from space 52736K, 53% used [0x00000000f3d80000,0x00000000f5906d58,0x00000000f7100000)
  to   space 55808K, 0% used [0x00000000f0400000,0x00000000f0400000,0x00000000f3a80000)
 ParOldGen       total 244224K, used 92548K [0x00000000a0000000, 0x00000000aee80000, 0x00000000e0000000)
  object space 244224K, 37% used [0x00000000a0000000,0x00000000a5a61068,0x00000000aee80000)
 Metaspace       used 106203K, capacity 114130K, committed 114392K, reserved 1148928K
  class space    used 13486K, capacity 14819K, committed 14848K, reserved 1048576K
}
Event: 4332.882 GC heap before
{Heap before GC invocations=45 (full 4):
 PSYoungGen      total 318976K, used 294427K [0x00000000e0000000, 0x00000000f7100000, 0x0000000100000000)
  eden space 266240K, 100% used [0x00000000e0000000,0x00000000f0400000,0x00000000f0400000)
  from space 52736K, 53% used [0x00000000f3d80000,0x00000000f5906d58,0x00000000f7100000)
  to   space 55808K, 0% used [0x00000000f0400000,0x00000000f0400000,0x00000000f3a80000)
 ParOldGen       total 244224K, used 92548K [0x00000000a0000000, 0x00000000aee80000, 0x00000000e0000000)
  object space 244224K, 37% used [0x00000000a0000000,0x00000000a5a61068,0x00000000aee80000)
 Metaspace       used 106256K, capacity 114130K, committed 114392K, reserved 1148928K
  class space    used 13486K, capacity 14819K, committed 14848K, reserved 1048576K
Event: 4332.933 GC heap after
Heap after GC invocations=45 (full 4):
 PSYoungGen      total 322048K, used 17816K [0x00000000e0000000, 0x00000000f7580000, 0x0000000100000000)
  eden space 266240K, 0% used [0x00000000e0000000,0x00000000e0000000,0x00000000f0400000)
  from space 55808K, 31% used [0x00000000f0400000,0x00000000f15663f0,0x00000000f3a80000)
  to   space 55808K, 0% used [0x00000000f3f00000,0x00000000f3f00000,0x00000000f7580000)
 ParOldGen       total 244224K, used 103741K [0x00000000a0000000, 0x00000000aee80000, 0x00000000e0000000)
  object space 244224K, 42% used [0x00000000a0000000,0x00000000a654f6b0,0x00000000aee80000)
 Metaspace       used 106256K, capacity 114130K, committed 114392K, reserved 1148928K
  class space    used 13486K, capacity 14819K, committed 14848K, reserved 1048576K
}
Event: 4637.624 GC heap before
{Heap before GC invocations=46 (full 4):
 PSYoungGen      total 322048K, used 284056K [0x00000000e0000000, 0x00000000f7580000, 0x0000000100000000)
  eden space 266240K, 100% used [0x00000000e0000000,0x00000000f0400000,0x00000000f0400000)
  from space 55808K, 31% used [0x00000000f0400000,0x00000000f15663f0,0x00000000f3a80000)
  to   space 55808K, 0% used [0x00000000f3f00000,0x00000000f3f00000,0x00000000f7580000)
 ParOldGen       total 244224K, used 103741K [0x00000000a0000000, 0x00000000aee80000, 0x00000000e0000000)
  object space 244224K, 42% used [0x00000000a0000000,0x00000000a654f6b0,0x00000000aee80000)
 Metaspace       used 106314K, capacity 114258K, committed 114392K, reserved 1148928K
  class space    used 13487K, capacity 14819K, committed 14848K, reserved 1048576K
Event: 4637.648 GC heap after
Heap after GC invocations=46 (full 4):
 PSYoungGen      total 324608K, used 14951K [0x00000000e0000000, 0x00000000f7480000, 0x0000000100000000)
  eden space 269824K, 0% used [0x00000000e0000000,0x00000000e0000000,0x00000000f0780000)
  from space 54784K, 27% used [0x00000000f3f00000,0x00000000f4d99d30,0x00000000f7480000)
  to   space 55808K, 0% used [0x00000000f0780000,0x00000000f0780000,0x00000000f3e00000)
 ParOldGen       total 244224K, used 107129K [0x00000000a0000000, 0x00000000aee80000, 0x00000000e0000000)
  object space 244224K, 43% used [0x00000000a0000000,0x00000000a689e710,0x00000000aee80000)
 Metaspace       used 106314K, capacity 114258K, committed 114392K, reserved 1148928K
  class space    used 13487K, capacity 14819K, committed 14848K, reserved 1048576K
}
Event: 9708.757 GC heap before
{Heap before GC invocations=47 (full 4):
 PSYoungGen      total 324608K, used 284775K [0x00000000e0000000, 0x00000000f7480000, 0x0000000100000000)
  eden space 269824K, 100% used [0x00000000e0000000,0x00000000f0780000,0x00000000f0780000)
  from space 54784K, 27% used [0x00000000f3f00000,0x00000000f4d99d30,0x00000000f7480000)
  to   space 55808K, 0% used [0x00000000f0780000,0x00000000f0780000,0x00000000f3e00000)
 ParOldGen       total 244224K, used 107129K [0x00000000a0000000, 0x00000000aee80000, 0x00000000e0000000)
  object space 244224K, 43% used [0x00000000a0000000,0x00000000a689e710,0x00000000aee80000)
 Metaspace       used 106356K, capacity 114258K, committed 114392K, reserved 1148928K
  class space    used 13488K, capacity 14819K, committed 14848K, reserved 1048576K
Event: 9708.792 GC heap after
Heap after GC invocations=47 (full 4):
 PSYoungGen      total 325632K, used 8528K [0x00000000e0000000, 0x00000000f7880000, 0x0000000100000000)
  eden space 269824K, 0% used [0x00000000e0000000,0x00000000e0000000,0x00000000f0780000)
  from space 55808K, 15% used [0x00000000f0780000,0x00000000f0fd41f0,0x00000000f3e00000)
  to   space 56320K, 0% used [0x00000000f4180000,0x00000000f4180000,0x00000000f7880000)
 ParOldGen       total 244224K, used 113345K [0x00000000a0000000, 0x00000000aee80000, 0x00000000e0000000)
  object space 244224K, 46% used [0x00000000a0000000,0x00000000a6eb0770,0x00000000aee80000)
 Metaspace       used 106356K, capacity 114258K, committed 114392K, reserved 1148928K
  class space    used 13488K, capacity 14819K, committed 14848K, reserved 1048576K
}

