# JRE version: OpenJDK Runtime Environment (11.0.10) (build 11.0.10+0-b96-7249189)
# Java VM: OpenJDK 64-Bit Server VM (11.0.10+0-b96-7249189, mixed mode, tiered, compressed oops, g1 gc, windows-amd64)
Heap:
 garbage-first heap   total 131072K, used 112997K [0x00000000a0000000, 0x0000000100000000)
  region size 1024K, 21 young (21504K), 3 survivors (3072K)
 Metaspace       used 89882K, capacity 92192K, committed 92544K, reserved 1130496K
  class space    used 11442K, capacity 12308K, committed 12416K, reserved 1048576K
GC Heap History (20 events):
Event: 46.030 GC heap before
{Heap before GC invocations=27 (full 0):
 garbage-first heap   total 131072K, used 110597K [0x00000000a0000000, 0x0000000100000000)
  region size 1024K, 28 young (28672K), 2 survivors (2048K)
 Metaspace       used 78069K, capacity 80028K, committed 80128K, reserved 1118208K
  class space    used 10046K, capacity 10681K, committed 10752K, reserved 1048576K
}
Event: 46.037 GC heap after
{Heap after GC invocations=28 (full 0):
 garbage-first heap   total 131072K, used 83080K [0x00000000a0000000, 0x0000000100000000)
  region size 1024K, 2 young (2048K), 2 survivors (2048K)
 Metaspace       used 78069K, capacity 80028K, committed 80128K, reserved 1118208K
  class space    used 10046K, capacity 10681K, committed 10752K, reserved 1048576K
}
Event: 46.960 GC heap before
{Heap before GC invocations=28 (full 0):
 garbage-first heap   total 131072K, used 109704K [0x00000000a0000000, 0x0000000100000000)
  region size 1024K, 28 young (28672K), 2 survivors (2048K)
 Metaspace       used 81232K, capacity 83338K, committed 83456K, reserved 1122304K
  class space    used 10454K, capacity 11179K, committed 11264K, reserved 1048576K
}
Event: 46.969 GC heap after
{Heap after GC invocations=29 (full 0):
 garbage-first heap   total 131072K, used 84837K [0x00000000a0000000, 0x0000000100000000)
  region size 1024K, 4 young (4096K), 4 survivors (4096K)
 Metaspace       used 81232K, capacity 83338K, committed 83456K, reserved 1122304K
  class space    used 10454K, capacity 11179K, committed 11264K, reserved 1048576K
}
Event: 48.182 GC heap before
{Heap before GC invocations=30 (full 0):
 garbage-first heap   total 131072K, used 109413K [0x00000000a0000000, 0x0000000100000000)
  region size 1024K, 29 young (29696K), 4 survivors (4096K)
 Metaspace       used 82588K, capacity 84754K, committed 84992K, reserved 1122304K
  class space    used 10628K, capacity 11402K, committed 11520K, reserved 1048576K
}
Event: 48.195 GC heap after
{Heap after GC invocations=31 (full 0):
 garbage-first heap   total 131072K, used 86812K [0x00000000a0000000, 0x0000000100000000)
  region size 1024K, 4 young (4096K), 4 survivors (4096K)
 Metaspace       used 82588K, capacity 84754K, committed 84992K, reserved 1122304K
  class space    used 10628K, capacity 11402K, committed 11520K, reserved 1048576K
}
Event: 49.200 GC heap before
{Heap before GC invocations=31 (full 0):
 garbage-first heap   total 131072K, used 110364K [0x00000000a0000000, 0x0000000100000000)
  region size 1024K, 28 young (28672K), 4 survivors (4096K)
 Metaspace       used 82771K, capacity 84990K, committed 85248K, reserved 1122304K
  class space    used 10636K, capacity 11413K, committed 11520K, reserved 1048576K
}
Event: 49.216 GC heap after
{Heap after GC invocations=32 (full 0):
 garbage-first heap   total 131072K, used 88361K [0x00000000a0000000, 0x0000000100000000)
  region size 1024K, 4 young (4096K), 4 survivors (4096K)
 Metaspace       used 82771K, capacity 84990K, committed 85248K, reserved 1122304K
  class space    used 10636K, capacity 11413K, committed 11520K, reserved 1048576K
}
Event: 50.151 GC heap before
{Heap before GC invocations=33 (full 0):
 garbage-first heap   total 131072K, used 110889K [0x00000000a0000000, 0x0000000100000000)
  region size 1024K, 27 young (27648K), 4 survivors (4096K)
 Metaspace       used 82951K, capacity 85145K, committed 85504K, reserved 1124352K
  class space    used 10640K, capacity 11416K, committed 11520K, reserved 1048576K
}
Event: 50.162 GC heap after
{Heap after GC invocations=34 (full 0):
 garbage-first heap   total 131072K, used 89990K [0x00000000a0000000, 0x0000000100000000)
  region size 1024K, 4 young (4096K), 4 survivors (4096K)
 Metaspace       used 82951K, capacity 85145K, committed 85504K, reserved 1124352K
  class space    used 10640K, capacity 11416K, committed 11520K, reserved 1048576K
}
Event: 51.115 GC heap before
{Heap before GC invocations=34 (full 0):
 garbage-first heap   total 131072K, used 110470K [0x00000000a0000000, 0x0000000100000000)
  region size 1024K, 25 young (25600K), 4 survivors (4096K)
 Metaspace       used 83184K, capacity 85365K, committed 85504K, reserved 1124352K
  class space    used 10652K, capacity 11417K, committed 11520K, reserved 1048576K
}
Event: 51.125 GC heap after
{Heap after GC invocations=35 (full 0):
 garbage-first heap   total 131072K, used 90986K [0x00000000a0000000, 0x0000000100000000)
  region size 1024K, 3 young (3072K), 3 survivors (3072K)
 Metaspace       used 83184K, capacity 85365K, committed 85504K, reserved 1124352K
  class space    used 10652K, capacity 11417K, committed 11520K, reserved 1048576K
}
Event: 52.912 GC heap before
{Heap before GC invocations=36 (full 0):
 garbage-first heap   total 131072K, used 112490K [0x00000000a0000000, 0x0000000100000000)
  region size 1024K, 24 young (24576K), 3 survivors (3072K)
 Metaspace       used 83993K, capacity 86144K, committed 86272K, reserved 1124352K
  class space    used 10706K, capacity 11477K, committed 11520K, reserved 1048576K
}
Event: 52.921 GC heap after
{Heap after GC invocations=37 (full 0):
 garbage-first heap   total 131072K, used 92432K [0x00000000a0000000, 0x0000000100000000)
  region size 1024K, 3 young (3072K), 3 survivors (3072K)
 Metaspace       used 83993K, capacity 86144K, committed 86272K, reserved 1124352K
  class space    used 10706K, capacity 11477K, committed 11520K, reserved 1048576K
}
Event: 55.229 GC heap before
{Heap before GC invocations=37 (full 0):
 garbage-first heap   total 131072K, used 112912K [0x00000000a0000000, 0x0000000100000000)
  region size 1024K, 23 young (23552K), 3 survivors (3072K)
 Metaspace       used 87034K, capacity 89325K, committed 89600K, reserved 1126400K
  class space    used 11155K, capacity 11960K, committed 12032K, reserved 1048576K
}
Event: 55.239 GC heap after
{Heap after GC invocations=38 (full 0):
 garbage-first heap   total 131072K, used 93627K [0x00000000a0000000, 0x0000000100000000)
  region size 1024K, 3 young (3072K), 3 survivors (3072K)
 Metaspace       used 87034K, capacity 89325K, committed 89600K, reserved 1126400K
  class space    used 11155K, capacity 11960K, committed 12032K, reserved 1048576K
}
Event: 56.020 GC heap before
{Heap before GC invocations=39 (full 0):
 garbage-first heap   total 131072K, used 113083K [0x00000000a0000000, 0x0000000100000000)
  region size 1024K, 22 young (22528K), 3 survivors (3072K)
 Metaspace       used 87759K, capacity 90084K, committed 90240K, reserved 1128448K
  class space    used 11230K, capacity 12059K, committed 12160K, reserved 1048576K
}
Event: 56.029 GC heap after
{Heap after GC invocations=40 (full 0):
 garbage-first heap   total 131072K, used 94268K [0x00000000a0000000, 0x0000000100000000)
  region size 1024K, 2 young (2048K), 2 survivors (2048K)
 Metaspace       used 87759K, capacity 90084K, committed 90240K, reserved 1128448K
  class space    used 11230K, capacity 12059K, committed 12160K, reserved 1048576K
}
Event: 58.541 GC heap before
{Heap before GC invocations=40 (full 0):
 garbage-first heap   total 131072K, used 113724K [0x00000000a0000000, 0x0000000100000000)
  region size 1024K, 21 young (21504K), 2 survivors (2048K)
 Metaspace       used 88812K, capacity 91120K, committed 91392K, reserved 1128448K
  class space    used 11322K, capacity 12187K, committed 12288K, reserved 1048576K
}
Event: 58.553 GC heap after
{Heap after GC invocations=41 (full 0):
 garbage-first heap   total 131072K, used 95589K [0x00000000a0000000, 0x0000000100000000)
  region size 1024K, 3 young (3072K), 3 survivors (3072K)
 Metaspace       used 88812K, capacity 91120K, committed 91392K, reserved 1128448K
  class space    used 11322K, capacity 12187K, committed 12288K, reserved 1048576K
}

