# JRE version: OpenJDK Runtime Environment (8.0_242-b01) (build 1.8.0_242-release-1644-b01)
# Java VM: OpenJDK 64-Bit Server VM (25.242-b01 mixed mode windows-amd64 compressed oops)
Heap:
 PSYoungGen      total 183296K, used 170296K [0x00000000e0000000, 0x00000000ee880000, 0x0000000100000000)
  eden space 164864K, 94% used [0x00000000e0000000,0x00000000e97aef18,0x00000000ea100000)
  from space 18432K, 81% used [0x00000000ea100000,0x00000000eaf9f130,0x00000000eb300000)
  to   space 19456K, 0% used [0x00000000ed580000,0x00000000ed580000,0x00000000ee880000)
 ParOldGen       total 136704K, used 33447K [0x00000000a0000000, 0x00000000a8580000, 0x00000000e0000000)
  object space 136704K, 24% used [0x00000000a0000000,0x00000000a20a9d48,0x00000000a8580000)
 Metaspace       used 65711K, capacity 68736K, committed 69080K, reserved 1107968K
  class space    used 9006K, capacity 9615K, committed 9728K, reserved 1048576K
GC Heap History (10 events):
Event: 10.128 GC heap before
{Heap before GC invocations=12 (full 2):
 PSYoungGen      total 116736K, used 104960K [0x00000000e0000000, 0x00000000ea980000, 0x0000000100000000)
  eden space 104960K, 100% used [0x00000000e0000000,0x00000000e6680000,0x00000000e6680000)
  from space 11776K, 0% used [0x00000000e6680000,0x00000000e6680000,0x00000000e7200000)
  to   space 11776K, 0% used [0x00000000e9e00000,0x00000000e9e00000,0x00000000ea980000)
 ParOldGen       total 87552K, used 14355K [0x00000000a0000000, 0x00000000a5580000, 0x00000000e0000000)
  object space 87552K, 16% used [0x00000000a0000000,0x00000000a0e04c28,0x00000000a5580000)
 Metaspace       used 37084K, capacity 38728K, committed 39000K, reserved 1083392K
  class space    used 5102K, capacity 5431K, committed 5504K, reserved 1048576K
Event: 10.138 GC heap after
Heap after GC invocations=12 (full 2):
 PSYoungGen      total 140800K, used 7200K [0x00000000e0000000, 0x00000000ea580000, 0x0000000100000000)
  eden space 133120K, 0% used [0x00000000e0000000,0x00000000e0000000,0x00000000e8200000)
  from space 7680K, 93% used [0x00000000e9e00000,0x00000000ea5080c0,0x00000000ea580000)
  to   space 11264K, 0% used [0x00000000e8f80000,0x00000000e8f80000,0x00000000e9a80000)
 ParOldGen       total 87552K, used 14363K [0x00000000a0000000, 0x00000000a5580000, 0x00000000e0000000)
  object space 87552K, 16% used [0x00000000a0000000,0x00000000a0e06c28,0x00000000a5580000)
 Metaspace       used 37084K, capacity 38728K, committed 39000K, reserved 1083392K
  class space    used 5102K, capacity 5431K, committed 5504K, reserved 1048576K
}
Event: 12.455 GC heap before
{Heap before GC invocations=13 (full 2):
 PSYoungGen      total 140800K, used 140320K [0x00000000e0000000, 0x00000000ea580000, 0x0000000100000000)
  eden space 133120K, 100% used [0x00000000e0000000,0x00000000e8200000,0x00000000e8200000)
  from space 7680K, 93% used [0x00000000e9e00000,0x00000000ea5080c0,0x00000000ea580000)
  to   space 11264K, 0% used [0x00000000e8f80000,0x00000000e8f80000,0x00000000e9a80000)
 ParOldGen       total 87552K, used 14363K [0x00000000a0000000, 0x00000000a5580000, 0x00000000e0000000)
  object space 87552K, 16% used [0x00000000a0000000,0x00000000a0e06c28,0x00000000a5580000)
 Metaspace       used 50658K, capacity 52542K, committed 52824K, reserved 1095680K
  class space    used 6769K, capacity 7194K, committed 7296K, reserved 1048576K
Event: 12.480 GC heap after
Heap after GC invocations=13 (full 2):
 PSYoungGen      total 158208K, used 11260K [0x00000000e0000000, 0x00000000ec300000, 0x0000000100000000)
  eden space 146944K, 0% used [0x00000000e0000000,0x00000000e0000000,0x00000000e8f80000)
  from space 11264K, 99% used [0x00000000e8f80000,0x00000000e9a7f340,0x00000000e9a80000)
  to   space 16384K, 0% used [0x00000000eb300000,0x00000000eb300000,0x00000000ec300000)
 ParOldGen       total 87552K, used 24869K [0x00000000a0000000, 0x00000000a5580000, 0x00000000e0000000)
  object space 87552K, 28% used [0x00000000a0000000,0x00000000a1849648,0x00000000a5580000)
 Metaspace       used 50658K, capacity 52542K, committed 52824K, reserved 1095680K
  class space    used 6769K, capacity 7194K, committed 7296K, reserved 1048576K
}
Event: 14.212 GC heap before
{Heap before GC invocations=14 (full 2):
 PSYoungGen      total 158208K, used 88773K [0x00000000e0000000, 0x00000000ec300000, 0x0000000100000000)
  eden space 146944K, 52% used [0x00000000e0000000,0x00000000e4bb23f0,0x00000000e8f80000)
  from space 11264K, 99% used [0x00000000e8f80000,0x00000000e9a7f340,0x00000000e9a80000)
  to   space 16384K, 0% used [0x00000000eb300000,0x00000000eb300000,0x00000000ec300000)
 ParOldGen       total 87552K, used 24869K [0x00000000a0000000, 0x00000000a5580000, 0x00000000e0000000)
  object space 87552K, 28% used [0x00000000a0000000,0x00000000a1849648,0x00000000a5580000)
 Metaspace       used 56436K, capacity 58816K, committed 58968K, reserved 1099776K
  class space    used 7713K, capacity 8225K, committed 8320K, reserved 1048576K
Event: 14.261 GC heap after
Heap after GC invocations=14 (full 2):
 PSYoungGen      total 181248K, used 15833K [0x00000000e0000000, 0x00000000edb80000, 0x0000000100000000)
  eden space 164864K, 0% used [0x00000000e0000000,0x00000000e0000000,0x00000000ea100000)
  from space 16384K, 96% used [0x00000000eb300000,0x00000000ec2767a8,0x00000000ec300000)
  to   space 18432K, 0% used [0x00000000ea100000,0x00000000ea100000,0x00000000eb300000)
 ParOldGen       total 87552K, used 28916K [0x00000000a0000000, 0x00000000a5580000, 0x00000000e0000000)
  object space 87552K, 33% used [0x00000000a0000000,0x00000000a1c3d278,0x00000000a5580000)
 Metaspace       used 56436K, capacity 58816K, committed 58968K, reserved 1099776K
  class space    used 7713K, capacity 8225K, committed 8320K, reserved 1048576K
}
Event: 14.261 GC heap before
{Heap before GC invocations=15 (full 3):
 PSYoungGen      total 181248K, used 15833K [0x00000000e0000000, 0x00000000edb80000, 0x0000000100000000)
  eden space 164864K, 0% used [0x00000000e0000000,0x00000000e0000000,0x00000000ea100000)
  from space 16384K, 96% used [0x00000000eb300000,0x00000000ec2767a8,0x00000000ec300000)
  to   space 18432K, 0% used [0x00000000ea100000,0x00000000ea100000,0x00000000eb300000)
 ParOldGen       total 87552K, used 28916K [0x00000000a0000000, 0x00000000a5580000, 0x00000000e0000000)
  object space 87552K, 33% used [0x00000000a0000000,0x00000000a1c3d278,0x00000000a5580000)
 Metaspace       used 56436K, capacity 58816K, committed 58968K, reserved 1099776K
  class space    used 7713K, capacity 8225K, committed 8320K, reserved 1048576K
Event: 14.558 GC heap after
Heap after GC invocations=15 (full 3):
 PSYoungGen      total 181248K, used 0K [0x00000000e0000000, 0x00000000edb80000, 0x0000000100000000)
  eden space 164864K, 0% used [0x00000000e0000000,0x00000000e0000000,0x00000000ea100000)
  from space 16384K, 0% used [0x00000000eb300000,0x00000000eb300000,0x00000000ec300000)
  to   space 18432K, 0% used [0x00000000ea100000,0x00000000ea100000,0x00000000eb300000)
 ParOldGen       total 136704K, used 33439K [0x00000000a0000000, 0x00000000a8580000, 0x00000000e0000000)
  object space 136704K, 24% used [0x00000000a0000000,0x00000000a20a7d48,0x00000000a8580000)
 Metaspace       used 56423K, capacity 58774K, committed 58968K, reserved 1099776K
  class space    used 7709K, capacity 8218K, committed 8320K, reserved 1048576K
}
Event: 18.296 GC heap before
{Heap before GC invocations=16 (full 3):
 PSYoungGen      total 181248K, used 164864K [0x00000000e0000000, 0x00000000edb80000, 0x0000000100000000)
  eden space 164864K, 100% used [0x00000000e0000000,0x00000000ea100000,0x00000000ea100000)
  from space 16384K, 0% used [0x00000000eb300000,0x00000000eb300000,0x00000000ec300000)
  to   space 18432K, 0% used [0x00000000ea100000,0x00000000ea100000,0x00000000eb300000)
 ParOldGen       total 136704K, used 33439K [0x00000000a0000000, 0x00000000a8580000, 0x00000000e0000000)
  object space 136704K, 24% used [0x00000000a0000000,0x00000000a20a7d48,0x00000000a8580000)
 Metaspace       used 63320K, capacity 66150K, committed 66392K, reserved 1105920K
  class space    used 8721K, capacity 9256K, committed 9344K, reserved 1048576K
Event: 18.334 GC heap after
Heap after GC invocations=16 (full 3):
 PSYoungGen      total 183296K, used 14972K [0x00000000e0000000, 0x00000000ee880000, 0x0000000100000000)
  eden space 164864K, 0% used [0x00000000e0000000,0x00000000e0000000,0x00000000ea100000)
  from space 18432K, 81% used [0x00000000ea100000,0x00000000eaf9f130,0x00000000eb300000)
  to   space 19456K, 0% used [0x00000000ed580000,0x00000000ed580000,0x00000000ee880000)
 ParOldGen       total 136704K, used 33447K [0x00000000a0000000, 0x00000000a8580000, 0x00000000e0000000)
  object space 136704K, 24% used [0x00000000a0000000,0x00000000a20a9d48,0x00000000a8580000)
 Metaspace       used 63320K, capacity 66150K, committed 66392K, reserved 1105920K
  class space    used 8721K, capacity 9256K, committed 9344K, reserved 1048576K
}

